Arguments: 
  C:\Program Files\nodejs\node.exe C:\Program Files (x86)\Yarn\bin\yarn.js

PATH: 
  C:\Program Files (x86)\Yarn;C:\Python310\;C:\WINDOWS\system32;C:\WINDOWS;C:\WINDOWS\System32\Wbem;C:\WINDOWS\System32\WindowsPowerShell\v1.0\;C:\WINDOWS\System32\OpenSSH\;C:\Program Files (x86)\NVIDIA Corporation\PhysX\Common;C:\Program Files\NVIDIA Corporation\NVIDIA NvDLISR;c:\Users\C:\Users\User\.vscode\extensions;C:\Program Files\nodejs\;C:\ProgramData\chocolatey\bin;C:\Program Files (x86)\Yarn\bin\;C:\CursoDev\jobsdev;C:\Users\User\AppData\Local\Microsoft\WindowsApps;;C:\Users\User\AppData\Local\Programs\Microsoft VS Code\bin;C:\Users\User\AppData\Roaming\npm;C:\Users\User\AppData\Local\Yarn\bin

Yarn version: 
  1.22.19

Node version: 
  16.16.0

Platform: 
  win32 x64

Trace: 
  Error: EPERM: operation not permitted, unlink 'C:\CursoDev\jobsdev\treinamento\codelandia\desafio6\Loki\node_modules\esbuild-windows-64\esbuild.exe'

npm manifest: 
  {
    "name": "login",
    "private": true,
    "version": "0.0.0",
    "type": "module",
    "scripts": {
      "dev": "vite --host --port 3001",
      "build": "tsc && vite build",
      "preview": "vite preview"
    },
    "dependencies": {
      "react": "^18.2.0",
      "react-dom": "^18.2.0"
    },
    "devDependencies": {
      "@types/react": "^18.0.15",
      "@types/react-dom": "^18.0.6",
      "@typescript-eslint/eslint-plugin": "^5.32.0",
      "@typescript-eslint/eslint-plugin-tslint": "^5.32.0",
      "@typescript-eslint/parser": "^5.32.0",
      "@typescript-eslint/scope-manager": "^5.32.0",
      "@typescript-eslint/typescript-estree": "^5.32.0",
      "@typescript-eslint/utils": "^5.32.0",
      "@vitejs/plugin-react": "^2.0.0",
      "autoprefixer": "^10.4.8",
      "eslint": "^8.21.0",
      "eslint-config-airbnb": "^19.0.4",
      "eslint-plugin-import": "^2.26.0",
      "eslint-plugin-jsx-a11y": "^6.6.1",
      "eslint-plugin-react": "^7.30.1",
      "eslint-plugin-react-hooks": "^4.6.0",
      "postcss": "^8.4.14",
      "tailwindcss": "^3.1.7",
      "typescript": "^4.6.4",
      "vite": "^3.0.0"
    }
  }

yarn manifest: 
  No manifest

Lockfile: 
  No lockfile
